<?xml version="1.0" encoding="UTF-8"?>
<coverage generated="1710123820042" clover="3.2.0">
  <project timestamp="1710123820042" name="All files">
    <metrics statements="3" coveredstatements="3" conditionals="0" coveredconditionals="0" methods="0" coveredmethods="0" elements="3" coveredelements="3" complexity="0" loc="3" ncloc="3" packages="1" files="1" classes="1"/>
    <file name="userModel.js" path="C:\Users\Dubz\Desktop\Web Apps\Favorites\Backend-Favorites-App\app\models\userModel.js">
      <metrics statements="3" coveredstatements="3" conditionals="0" coveredconditionals="0" methods="0" coveredmethods="0"/>
      <line num="4" count="1" type="stmt"/>
      <line num="5" count="1" type="stmt"/>
      <line num="35" count="1" type="stmt"/>
    </file>
  </project>
</coverage>
