{"C:\\Users\\Dubz\\Desktop\\Web Apps\\Favorites\\Backend-Favorites-App\\app\\models\\userModel.js": {"path":"C:\\Users\\Dubz\\Desktop\\Web Apps\\Favorites\\Backend-Favorites-App\\app\\models\\userModel.js","statementMap":{"0":{"start":{"line":4,"column":19},"end":{"line":4,"column":41}},"1":{"start":{"line":5,"column":19},"end":{"line":24,"column":2}},"2":{"start":{"line":35,"column":13},"end":{"line":35,"column":47}}},"fnMap":{},"branchMap":{},"s":{"0":1,"1":1,"2":1},"f":{},"b":{},"_coverageSchema":"1a1c01bbd47fc00a2c39e90264f33305004495a9","hash":"e6b717c3281916e3af9fee18f566e7fe05f6792d"}
}
